SF:lib\app\ui\home\home_controller.dart
DA:8,2
DA:10,2
DA:11,6
DA:12,6
DA:14,2
LF:5
LH:5
end_of_record
SF:lib\app\ui\comprovantes\comprovantes.dart
DA:4,1
DA:6,1
DA:8,1
DA:9,1
DA:10,1
DA:12,1
DA:13,1
DA:14,1
DA:15,2
LF:9
LH:9
end_of_record
SF:lib\app\ui\home\home_page.dart
DA:8,1
DA:10,1
DA:12,1
DA:15,1
DA:17,1
DA:18,1
DA:19,1
DA:20,1
DA:28,2
DA:32,1
DA:34,1
DA:35,1
DA:37,1
DA:42,1
DA:44,1
DA:45,1
DA:47,2
DA:55,1
DA:57,1
DA:67,1
DA:69,1
DA:70,2
DA:71,1
DA:75,1
DA:77,1
DA:78,3
LF:26
LH:26
end_of_record
